{"logTime": "0825/085205", "correlationVector":"kjvHPyqOOXGBQ6CeKyUe98.1","action":"SyncServerConnectionManagerRequest", "result":"SYNC_SERVER_OK", "context":{"environment":"Prod_WestEurope_000l", "migrationStage":"NotStarted", "server":"general0100000T"}}
{"logTime": "0825/085206", "correlationVector":"z/kGLT0yJvbto0mS0n9KpS","action":"SyncServerConnectionManagerRequest", "result":"SYNC_SERVER_OK", "context":{"environment":"", "migrationStage":"", "server":""}}
{"logTime": "0825/085206", "correlationVector":"kjvHPyqOOXGBQ6CeKyUe98","action":"Initial GetUpdates", "result":"", "context":Reason: NEW_CLIENT. cV=kjvHPyqOOXGBQ6CeKyUe98}
{"logTime": "0825/085206", "correlationVector":"kjvHPyqOOXGBQ6CeKyUe98.2","action":"GetUpdates Response", "result":"Success", "context":Received 1 update(s). cV=kjvHPyqOOXGBQ6CeKyUe98.0;server=general0100000T;cloudType=Consumer;environment=Prod_WestEurope_000l;migrationStage=NotStarted}
{"logTime": "0825/085217", "correlationVector":"T+doI+TqivDTZk7B33A/F4","action":"Initial GetUpdates", "result":"", "context":Reason: NEW_CLIENT. cV=T+doI+TqivDTZk7B33A/F4}
{"logTime": "0825/085217", "correlationVector":"T+doI+TqivDTZk7B33A/F4.1","action":"SyncServerConnectionManagerRequest", "result":"SYNC_SERVER_OK", "context":{"environment":"Prod_WestEurope_000l", "migrationStage":"NotStarted", "server":"general0100001C"}}
{"logTime": "0825/085217", "correlationVector":"T+doI+TqivDTZk7B33A/F4.2","action":"GetUpdates Response", "result":"Success", "context":Received 4 update(s). cV=T+doI+TqivDTZk7B33A/F4.0;server=general0100001C;cloudType=Consumer;environment=Prod_WestEurope_000l;migrationStage=NotStarted}
{"logTime": "0825/085217", "correlationVector":"srRjCU7BIDywytg9QmskSG","action":"Normal GetUpdate request", "result":"", "context":cV=srRjCU7BIDywytg9QmskSG
Nudged types: Device Info, User Consents
Refresh requested types: Device Info, User Consents, Send Tab To Self, Encryption Keys}
{"logTime": "0825/085217", "correlationVector":"srRjCU7BIDywytg9QmskSG.1","action":"SyncServerConnectionManagerRequest", "result":"SYNC_SERVER_OK", "context":{"environment":"Prod_WestEurope_000l", "migrationStage":"NotStarted", "server":"general01000005"}}
{"logTime": "0825/085217", "correlationVector":"srRjCU7BIDywytg9QmskSG.2","action":"GetUpdates Response", "result":"Success", "context":Received 0 update(s). cV=srRjCU7BIDywytg9QmskSG.0;server=general01000005;cloudType=Consumer;environment=Prod_WestEurope_000l;migrationStage=NotStarted}
{"logTime": "0825/085217", "correlationVector":"5sMsfPbPb/2lcFPWmvNnbz","action":"DoCompareDataConsistency requsted types: ", "result":"Send Tab To Self, Encryption Keys"}
{"logTime": "0825/085217", "correlationVector":"5sMsfPbPb/2lcFPWmvNnbz.0","action":"CompareDataConsistency result: ", "result":"Compare result: Encryption Keys is consistent. local entities count is: 1 local entities hash is: S7wEeg5P7VPr63U9gl+dBB+LuV8="}
{"logTime": "0825/085217", "correlationVector":"5sMsfPbPb/2lcFPWmvNnbz.1","action":"CompareDataConsistency result: ", "result":"Server did not send this Send Tab To Self local entities count is: 0 local entities hash is: "}
{"logTime": "0825/085217", "correlationVector":"67Lrr16a9m7hbEfsJrlGjx","action":"Commit Request", "result":"", "context":Item count: 2
Contributing types: Device Info, User Consents}
{"logTime": "0825/085218", "correlationVector":"67Lrr16a9m7hbEfsJrlGjx.1","action":"SyncServerConnectionManagerRequest", "result":"SYNC_SERVER_OK", "context":{"environment":"Prod_WestEurope_000l", "migrationStage":"NotStarted", "server":"general0100000Z"}}
{"logTime": "0825/085218", "correlationVector":"67Lrr16a9m7hbEfsJrlGjx.2","action":"Commit Response", "result":"Success", "context":Result: Success. cV=67Lrr16a9m7hbEfsJrlGjx.0;server=general0100000Z;cloudType=Consumer;environment=Prod_WestEurope_000l;migrationStage=NotStarted}
{"logTime": "0825/085218", "correlationVector":"","action":"DIAGNOSTIC_REQUEST|v1/diagnosticData/Diagnostic.SendCheckResult()|SUCCESS", "result":""}
{"logTime": "0825/085218", "correlationVector":"iMXkJSwvPYY+z5jW37kBzo","action":"Normal GetUpdate request", "result":"", "context":cV=iMXkJSwvPYY+z5jW37kBzo
Nudged types: Device Info}
{"logTime": "0825/085218", "correlationVector":"iMXkJSwvPYY+z5jW37kBzo.1","action":"SyncServerConnectionManagerRequest", "result":"SYNC_SERVER_OK", "context":{"environment":"Prod_WestEurope_000l", "migrationStage":"NotStarted", "server":"general0300003L"}}
{"logTime": "0825/085218", "correlationVector":"iMXkJSwvPYY+z5jW37kBzo.2","action":"GetUpdates Response", "result":"Success", "context":Received 1 update(s). cV=iMXkJSwvPYY+z5jW37kBzo.0;server=general0300003L;cloudType=Consumer;environment=Prod_WestEurope_000l;migrationStage=NotStarted}
{"logTime": "0825/085702", "correlationVector":"U60NEAouMg42/w2Ai0NxG+.1","action":"SyncServerConnectionManagerRequest", "result":"SYNC_SERVER_OK", "context":{"environment":"Prod_WestEurope_000l", "migrationStage":"NotStarted", "server":"general0100000T"}}
{"logTime": "0825/085702", "correlationVector":"mymzCzdx4Ce4FLgyTOMHpS","action":"SyncServerConnectionManagerRequest", "result":"SYNC_SERVER_OK", "context":{"environment":"", "migrationStage":"", "server":""}}
{"logTime": "0825/085702", "correlationVector":"U60NEAouMg42/w2Ai0NxG+","action":"Initial GetUpdates", "result":"", "context":Reason: NEW_CLIENT. cV=U60NEAouMg42/w2Ai0NxG+}
{"logTime": "0825/085702", "correlationVector":"U60NEAouMg42/w2Ai0NxG+.2","action":"GetUpdates Response", "result":"Success", "context":Received 1 update(s). cV=U60NEAouMg42/w2Ai0NxG+.0;server=general0100000T;cloudType=Consumer;environment=Prod_WestEurope_000l;migrationStage=NotStarted}
{"logTime": "0825/085702", "correlationVector":"R79edZHfBczDo21GBBgJrR","action":"Normal GetUpdate request", "result":"", "context":cV=R79edZHfBczDo21GBBgJrR
Refresh requested types: Device Info, User Consents, Send Tab To Self, Encryption Keys}
{"logTime": "0825/085703", "correlationVector":"R79edZHfBczDo21GBBgJrR.1","action":"SyncServerConnectionManagerRequest", "result":"SYNC_SERVER_OK", "context":{"environment":"Prod_WestEurope_000l", "migrationStage":"NotStarted", "server":"general01000013"}}
{"logTime": "0825/085703", "correlationVector":"R79edZHfBczDo21GBBgJrR.2","action":"GetUpdates Response", "result":"Success", "context":Received 0 update(s). cV=R79edZHfBczDo21GBBgJrR.0;server=general01000013;cloudType=Consumer;environment=Prod_WestEurope_000l;migrationStage=NotStarted}
{"logTime": "0825/090202", "correlationVector":"nSHOqq/+N0gsXKn1W9glo+","action":"Normal GetUpdate request", "result":"", "context":cV=nSHOqq/+N0gsXKn1W9glo+
Refresh requested types: Device Info, User Consents, Send Tab To Self, Encryption Keys}
{"logTime": "0825/090202", "correlationVector":"nSHOqq/+N0gsXKn1W9glo+.1","action":"SyncServerConnectionManagerRequest", "result":"SYNC_SERVER_OK", "context":{"environment":"Prod_WestEurope_000l", "migrationStage":"NotStarted", "server":"general0100001F"}}
{"logTime": "0825/090202", "correlationVector":"nSHOqq/+N0gsXKn1W9glo+.2","action":"GetUpdates Response", "result":"Success", "context":Received 0 update(s). cV=nSHOqq/+N0gsXKn1W9glo+.0;server=general0100001F;cloudType=Consumer;environment=Prod_WestEurope_000l;migrationStage=NotStarted}
{"logTime": "0825/163750", "correlationVector":"dh4wwLyfMKX5bMy02ik6xJ.1","action":"SyncServerConnectionManagerRequest", "result":"SYNC_SERVER_OK", "context":{"environment":"Prod_WestEurope_000l", "migrationStage":"NotStarted", "server":"general0100001A"}}
{"logTime": "0825/163751", "correlationVector":"9Jgq8zS/KZ8JjrNCFl9Foa","action":"SyncServerConnectionManagerRequest", "result":"SYNC_SERVER_OK", "context":{"environment":"", "migrationStage":"", "server":""}}
{"logTime": "0825/163751", "correlationVector":"dh4wwLyfMKX5bMy02ik6xJ","action":"Initial GetUpdates", "result":"", "context":Reason: NEW_CLIENT. cV=dh4wwLyfMKX5bMy02ik6xJ}
{"logTime": "0825/163751", "correlationVector":"dh4wwLyfMKX5bMy02ik6xJ.2","action":"GetUpdates Response", "result":"Success", "context":Received 1 update(s). cV=dh4wwLyfMKX5bMy02ik6xJ.0;server=general0100001A;cloudType=Consumer;environment=Prod_WestEurope_000l;migrationStage=NotStarted}
{"logTime": "0825/163751", "correlationVector":"Hgjjp+eOHL57FburOGKUGA","action":"Normal GetUpdate request", "result":"", "context":cV=Hgjjp+eOHL57FburOGKUGA
Refresh requested types: Device Info, User Consents, Send Tab To Self, Encryption Keys}
{"logTime": "0825/163751", "correlationVector":"Hgjjp+eOHL57FburOGKUGA.1","action":"SyncServerConnectionManagerRequest", "result":"SYNC_SERVER_OK", "context":{"environment":"Prod_WestEurope_000l", "migrationStage":"NotStarted", "server":"general0100001C"}}
{"logTime": "0825/163751", "correlationVector":"Hgjjp+eOHL57FburOGKUGA.2","action":"GetUpdates Response", "result":"Success", "context":Received 0 update(s). cV=Hgjjp+eOHL57FburOGKUGA.0;server=general0100001C;cloudType=Consumer;environment=Prod_WestEurope_000l;migrationStage=NotStarted}
